[2019-05-19 21:42:25] Текст ошибки: Call to undefined function Exception() | Файл: D:\OpenServer\OSPanel\domains\ishop.loc\vendor\ishop\core\Db.php | Строка: 18
=============================
[2019-05-19 21:44:07] Текст ошибки: нет соединения с БД | Файл: D:\OpenServer\OSPanel\domains\ishop.loc\vendor\ishop\core\Db.php | Строка: 18
=============================
[2019-05-19 22:35:43] Текст ошибки: Call to undefined function app\controllers\vra_dump() | Файл: D:\OpenServer\OSPanel\domains\ishop.loc\app\controllers\MainController.php | Строка: 20
=============================
[2019-05-19 23:07:35] Текст ошибки: Не найден шаблон watches | Файл: D:\OpenServer\OSPanel\domains\ishop.loc\vendor\ishop\core\base\View.php | Строка: 53
=============================
[2019-05-19 23:09:37] Текст ошибки: Страница не найдена | Файл: D:\OpenServer\OSPanel\domains\ishop.loc\vendor\ishop\core\Router.php | Строка: 52
=============================
[2019-05-19 23:09:37] Текст ошибки: Страница не найдена | Файл: D:\OpenServer\OSPanel\domains\ishop.loc\vendor\ishop\core\Router.php | Строка: 52
=============================
[2019-05-19 23:09:37] Текст ошибки: Страница не найдена | Файл: D:\OpenServer\OSPanel\domains\ishop.loc\vendor\ishop\core\Router.php | Строка: 52
=============================
[2019-05-19 23:09:37] Текст ошибки: Страница не найдена | Файл: D:\OpenServer\OSPanel\domains\ishop.loc\vendor\ishop\core\Router.php | Строка: 52
=============================
[2019-05-19 23:09:37] Текст ошибки: Страница не найдена | Файл: D:\OpenServer\OSPanel\domains\ishop.loc\vendor\ishop\core\Router.php | Строка: 52
=============================
[2019-05-19 23:09:37] Текст ошибки: Страница не найдена | Файл: D:\OpenServer\OSPanel\domains\ishop.loc\vendor\ishop\core\Router.php | Строка: 52
=============================
[2019-05-19 23:09:37] Текст ошибки: Страница не найдена | Файл: D:\OpenServer\OSPanel\domains\ishop.loc\vendor\ishop\core\Router.php | Строка: 52
=============================
[2019-05-19 23:09:37] Текст ошибки: Страница не найдена | Файл: D:\OpenServer\OSPanel\domains\ishop.loc\vendor\ishop\core\Router.php | Строка: 52
=============================
[2019-05-19 23:09:37] Текст ошибки: Страница не найдена | Файл: D:\OpenServer\OSPanel\domains\ishop.loc\vendor\ishop\core\Router.php | Строка: 52
=============================
[2019-05-19 23:09:37] Текст ошибки: Страница не найдена | Файл: D:\OpenServer\OSPanel\domains\ishop.loc\vendor\ishop\core\Router.php | Строка: 52
=============================
[2019-05-19 23:09:37] Текст ошибки: Страница не найдена | Файл: D:\OpenServer\OSPanel\domains\ishop.loc\vendor\ishop\core\Router.php | Строка: 52
=============================
[2019-05-19 23:09:37] Текст ошибки: Страница не найдена | Файл: D:\OpenServer\OSPanel\domains\ishop.loc\vendor\ishop\core\Router.php | Строка: 52
=============================
[2019-05-19 23:09:37] Текст ошибки: Страница не найдена | Файл: D:\OpenServer\OSPanel\domains\ishop.loc\vendor\ishop\core\Router.php | Строка: 52
=============================
[2019-05-19 23:09:37] Текст ошибки: Страница не найдена | Файл: D:\OpenServer\OSPanel\domains\ishop.loc\vendor\ishop\core\Router.php | Строка: 52
=============================
[2019-05-19 23:09:37] Текст ошибки: Страница не найдена | Файл: D:\OpenServer\OSPanel\domains\ishop.loc\vendor\ishop\core\Router.php | Строка: 52
=============================
[2019-05-19 23:09:37] Текст ошибки: Страница не найдена | Файл: D:\OpenServer\OSPanel\domains\ishop.loc\vendor\ishop\core\Router.php | Строка: 52
=============================
[2019-05-19 23:09:37] Текст ошибки: Страница не найдена | Файл: D:\OpenServer\OSPanel\domains\ishop.loc\vendor\ishop\core\Router.php | Строка: 52
=============================
[2019-05-19 23:09:37] Текст ошибки: Страница не найдена | Файл: D:\OpenServer\OSPanel\domains\ishop.loc\vendor\ishop\core\Router.php | Строка: 52
=============================
[2019-05-19 23:09:37] Текст ошибки: Страница не найдена | Файл: D:\OpenServer\OSPanel\domains\ishop.loc\vendor\ishop\core\Router.php | Строка: 52
=============================
[2019-05-19 23:09:37] Текст ошибки: Страница не найдена | Файл: D:\OpenServer\OSPanel\domains\ishop.loc\vendor\ishop\core\Router.php | Строка: 52
=============================
[2019-05-19 23:09:37] Текст ошибки: Страница не найдена | Файл: D:\OpenServer\OSPanel\domains\ishop.loc\vendor\ishop\core\Router.php | Строка: 52
=============================
[2019-05-19 23:09:37] Текст ошибки: Страница не найдена | Файл: D:\OpenServer\OSPanel\domains\ishop.loc\vendor\ishop\core\Router.php | Строка: 52
=============================
[2019-05-19 23:09:37] Текст ошибки: Страница не найдена | Файл: D:\OpenServer\OSPanel\domains\ishop.loc\vendor\ishop\core\Router.php | Строка: 52
=============================
[2019-05-19 23:09:37] Текст ошибки: Страница не найдена | Файл: D:\OpenServer\OSPanel\domains\ishop.loc\vendor\ishop\core\Router.php | Строка: 52
=============================
[2019-05-19 23:09:37] Текст ошибки: Страница не найдена | Файл: D:\OpenServer\OSPanel\domains\ishop.loc\vendor\ishop\core\Router.php | Строка: 52
=============================
[2019-05-19 23:09:37] Текст ошибки: Страница не найдена | Файл: D:\OpenServer\OSPanel\domains\ishop.loc\vendor\ishop\core\Router.php | Строка: 52
=============================
[2019-05-19 23:09:37] Текст ошибки: Страница не найдена | Файл: D:\OpenServer\OSPanel\domains\ishop.loc\vendor\ishop\core\Router.php | Строка: 52
=============================
[2019-05-19 23:09:37] Текст ошибки: Страница не найдена | Файл: D:\OpenServer\OSPanel\domains\ishop.loc\vendor\ishop\core\Router.php | Строка: 52
=============================
[2019-05-19 23:09:37] Текст ошибки: Страница не найдена | Файл: D:\OpenServer\OSPanel\domains\ishop.loc\vendor\ishop\core\Router.php | Строка: 52
=============================
[2019-05-19 23:09:37] Текст ошибки: Страница не найдена | Файл: D:\OpenServer\OSPanel\domains\ishop.loc\vendor\ishop\core\Router.php | Строка: 52
=============================
[2019-05-19 23:14:55] Текст ошибки: Страница не найдена | Файл: D:\OpenServer\OSPanel\domains\ishop.loc\vendor\ishop\core\Router.php | Строка: 52
=============================
[2019-05-19 23:17:11] Текст ошибки: Страница не найдена | Файл: D:\OpenServer\OSPanel\domains\ishop.loc\vendor\ishop\core\Router.php | Строка: 52
=============================
[2019-05-19 23:20:37] Текст ошибки: Страница не найдена | Файл: D:\OpenServer\OSPanel\domains\ishop.loc\vendor\ishop\core\Router.php | Строка: 52
=============================
[2019-05-19 23:25:02] Текст ошибки: Страница не найдена | Файл: D:\OpenServer\OSPanel\domains\ishop.loc\vendor\ishop\core\Router.php | Строка: 52
=============================
[2019-05-19 23:28:52] Текст ошибки: Страница не найдена | Файл: D:\OpenServer\OSPanel\domains\ishop.loc\vendor\ishop\core\Router.php | Строка: 52
=============================
[2019-05-19 23:30:21] Текст ошибки: Страница не найдена | Файл: D:\OpenServer\OSPanel\domains\ishop.loc\vendor\ishop\core\Router.php | Строка: 52
=============================
[2019-05-19 23:30:44] Текст ошибки: Страница не найдена | Файл: D:\OpenServer\OSPanel\domains\ishop.loc\vendor\ishop\core\Router.php | Строка: 52
=============================
[2019-05-19 23:35:47] Текст ошибки: Страница не найдена | Файл: D:\OpenServer\OSPanel\domains\ishop.loc\vendor\ishop\core\Router.php | Строка: 52
=============================
[2019-05-19 23:37:14] Текст ошибки: Страница не найдена | Файл: D:\OpenServer\OSPanel\domains\ishop.loc\vendor\ishop\core\Router.php | Строка: 52
=============================
[2019-05-19 23:38:44] Текст ошибки: Страница не найдена | Файл: D:\OpenServer\OSPanel\domains\ishop.loc\vendor\ishop\core\Router.php | Строка: 52
=============================
[2019-05-19 23:41:18] Текст ошибки: Страница не найдена | Файл: D:\OpenServer\OSPanel\domains\ishop.loc\vendor\ishop\core\Router.php | Строка: 52
=============================
[2019-05-19 23:41:22] Текст ошибки: Страница не найдена | Файл: D:\OpenServer\OSPanel\domains\ishop.loc\vendor\ishop\core\Router.php | Строка: 52
=============================
[2019-05-19 23:41:44] Текст ошибки: Страница не найдена | Файл: D:\OpenServer\OSPanel\domains\ishop.loc\vendor\ishop\core\Router.php | Строка: 52
=============================
[2019-05-19 23:41:49] Текст ошибки: Страница не найдена | Файл: D:\OpenServer\OSPanel\domains\ishop.loc\vendor\ishop\core\Router.php | Строка: 52
=============================
[2019-05-19 23:46:26] Текст ошибки: Страница не найдена | Файл: D:\OpenServer\OSPanel\domains\ishop.loc\vendor\ishop\core\Router.php | Строка: 52
=============================
[2019-05-20 21:25:17] Текст ошибки: Страница не найдена | Файл: D:\OpenServer\OSPanel\domains\ishop.loc\vendor\ishop\core\Router.php | Строка: 52
=============================
[2019-05-20 21:25:38] Текст ошибки: Страница не найдена | Файл: D:\OpenServer\OSPanel\domains\ishop.loc\vendor\ishop\core\Router.php | Строка: 52
=============================
[2019-05-20 21:27:39] Текст ошибки: Страница не найдена | Файл: D:\OpenServer\OSPanel\domains\ishop.loc\vendor\ishop\core\Router.php | Строка: 52
=============================
[2019-05-20 21:27:48] Текст ошибки: Страница не найдена | Файл: D:\OpenServer\OSPanel\domains\ishop.loc\vendor\ishop\core\Router.php | Строка: 52
=============================
[2019-05-20 21:27:57] Текст ошибки: Страница не найдена | Файл: D:\OpenServer\OSPanel\domains\ishop.loc\vendor\ishop\core\Router.php | Строка: 52
=============================
[2019-05-20 21:28:13] Текст ошибки: Страница не найдена | Файл: D:\OpenServer\OSPanel\domains\ishop.loc\vendor\ishop\core\Router.php | Строка: 52
=============================
[2019-05-20 21:59:09] Текст ошибки: Страница не найдена | Файл: D:\OpenServer\OSPanel\domains\ishop.loc\vendor\ishop\core\Router.php | Строка: 52
=============================
[2019-05-20 22:02:27] Текст ошибки: Страница не найдена | Файл: D:\OpenServer\OSPanel\domains\ishop.loc\vendor\ishop\core\Router.php | Строка: 52
=============================
[2019-05-20 22:06:26] Текст ошибки: Страница не найдена | Файл: D:\OpenServer\OSPanel\domains\ishop.loc\vendor\ishop\core\Router.php | Строка: 52
=============================
[2019-05-30 10:40:26] Текст ошибки: Страница не найдена | Файл: D:\OpenServer\OSPanel\domains\ishop.loc\vendor\ishop\core\Router.php | Строка: 52
=============================
[2019-05-30 11:20:44] Текст ошибки: Страница не найдена | Файл: D:\OpenServer\OSPanel\domains\ishop.loc\vendor\ishop\core\Router.php | Строка: 52
=============================
[2019-05-30 11:23:01] Текст ошибки: Страница не найдена | Файл: D:\OpenServer\OSPanel\domains\ishop.loc\vendor\ishop\core\Router.php | Строка: 52
=============================
[2019-05-30 11:23:12] Текст ошибки: Страница не найдена | Файл: D:\OpenServer\OSPanel\domains\ishop.loc\vendor\ishop\core\Router.php | Строка: 52
=============================
[2019-05-30 11:23:34] Текст ошибки: Страница не найдена | Файл: D:\OpenServer\OSPanel\domains\ishop.loc\vendor\ishop\core\Router.php | Строка: 52
=============================
[2019-05-30 11:24:09] Текст ошибки: Страница не найдена | Файл: D:\OpenServer\OSPanel\domains\ishop.loc\vendor\ishop\core\Router.php | Строка: 52
=============================
[2019-05-30 11:24:12] Текст ошибки: Страница не найдена | Файл: D:\OpenServer\OSPanel\domains\ishop.loc\vendor\ishop\core\Router.php | Строка: 52
=============================
[2019-05-30 11:26:27] Текст ошибки: Страница не найдена | Файл: D:\OpenServer\OSPanel\domains\ishop.loc\vendor\ishop\core\Router.php | Строка: 52
=============================
[2019-05-30 11:26:27] Текст ошибки: Страница не найдена | Файл: D:\OpenServer\OSPanel\domains\ishop.loc\vendor\ishop\core\Router.php | Строка: 52
=============================
[2019-05-30 11:27:05] Текст ошибки: Страница не найдена | Файл: D:\OpenServer\OSPanel\domains\ishop.loc\vendor\ishop\core\Router.php | Строка: 52
=============================
[2019-05-30 11:27:05] Текст ошибки: Страница не найдена | Файл: D:\OpenServer\OSPanel\domains\ishop.loc\vendor\ishop\core\Router.php | Строка: 52
=============================
[2019-05-30 11:27:12] Текст ошибки: Страница не найдена | Файл: D:\OpenServer\OSPanel\domains\ishop.loc\vendor\ishop\core\Router.php | Строка: 52
=============================
[2019-05-30 11:27:12] Текст ошибки: Страница не найдена | Файл: D:\OpenServer\OSPanel\domains\ishop.loc\vendor\ishop\core\Router.php | Строка: 52
=============================
[2019-05-30 11:27:18] Текст ошибки: Страница не найдена | Файл: D:\OpenServer\OSPanel\domains\ishop.loc\vendor\ishop\core\Router.php | Строка: 52
=============================
[2019-05-30 11:27:18] Текст ошибки: Страница не найдена | Файл: D:\OpenServer\OSPanel\domains\ishop.loc\vendor\ishop\core\Router.php | Строка: 52
=============================
[2019-05-30 11:27:25] Текст ошибки: Страница не найдена | Файл: D:\OpenServer\OSPanel\domains\ishop.loc\vendor\ishop\core\Router.php | Строка: 52
=============================
[2019-05-30 11:27:25] Текст ошибки: Страница не найдена | Файл: D:\OpenServer\OSPanel\domains\ishop.loc\vendor\ishop\core\Router.php | Строка: 52
=============================
[2019-05-30 11:27:35] Текст ошибки: Страница не найдена | Файл: D:\OpenServer\OSPanel\domains\ishop.loc\vendor\ishop\core\Router.php | Строка: 52
=============================
[2019-05-30 11:27:35] Текст ошибки: Страница не найдена | Файл: D:\OpenServer\OSPanel\domains\ishop.loc\vendor\ishop\core\Router.php | Строка: 52
=============================
[2019-05-30 11:27:38] Текст ошибки: Страница не найдена | Файл: D:\OpenServer\OSPanel\domains\ishop.loc\vendor\ishop\core\Router.php | Строка: 52
=============================
[2019-05-30 11:27:38] Текст ошибки: Страница не найдена | Файл: D:\OpenServer\OSPanel\domains\ishop.loc\vendor\ishop\core\Router.php | Строка: 52
=============================
[2019-05-30 11:27:47] Текст ошибки: Контроллер app\controllers\CartController не найден | Файл: D:\OpenServer\OSPanel\domains\ishop.loc\vendor\ishop\core\Router.php | Строка: 49
=============================
[2019-05-30 11:27:47] Текст ошибки: Страница не найдена | Файл: D:\OpenServer\OSPanel\domains\ishop.loc\vendor\ishop\core\Router.php | Строка: 52
=============================
[2019-05-30 11:28:13] Текст ошибки: Страница не найдена | Файл: D:\OpenServer\OSPanel\domains\ishop.loc\vendor\ishop\core\Router.php | Строка: 52
=============================
[2019-05-30 11:28:13] Текст ошибки: Страница не найдена | Файл: D:\OpenServer\OSPanel\domains\ishop.loc\vendor\ishop\core\Router.php | Строка: 52
=============================
[2019-05-30 11:30:00] Текст ошибки: Контроллер app\controllers\CartController не найден | Файл: D:\OpenServer\OSPanel\domains\ishop.loc\vendor\ishop\core\Router.php | Строка: 49
=============================
[2019-05-30 11:30:00] Текст ошибки: Страница не найдена | Файл: D:\OpenServer\OSPanel\domains\ishop.loc\vendor\ishop\core\Router.php | Строка: 52
=============================
[2019-05-30 11:30:17] Текст ошибки: Страница не найдена | Файл: D:\OpenServer\OSPanel\domains\ishop.loc\vendor\ishop\core\Router.php | Строка: 52
=============================
[2019-05-30 11:30:19] Текст ошибки: Страница не найдена | Файл: D:\OpenServer\OSPanel\domains\ishop.loc\vendor\ishop\core\Router.php | Строка: 52
=============================
[2019-05-30 11:30:19] Текст ошибки: Страница не найдена | Файл: D:\OpenServer\OSPanel\domains\ishop.loc\vendor\ishop\core\Router.php | Строка: 52
=============================
[2019-05-30 11:30:24] Текст ошибки: Страница не найдена | Файл: D:\OpenServer\OSPanel\domains\ishop.loc\vendor\ishop\core\Router.php | Строка: 52
=============================
[2019-05-30 11:30:27] Текст ошибки: Страница не найдена | Файл: D:\OpenServer\OSPanel\domains\ishop.loc\vendor\ishop\core\Router.php | Строка: 52
=============================
[2019-05-30 11:30:30] Текст ошибки: Страница не найдена | Файл: D:\OpenServer\OSPanel\domains\ishop.loc\vendor\ishop\core\Router.php | Строка: 52
=============================
[2019-05-30 14:11:54] Текст ошибки: Страница не найдена | Файл: D:\OpenServer\OSPanel\domains\ishop.loc\vendor\ishop\core\Router.php | Строка: 52
=============================
[2019-05-30 14:15:44] Текст ошибки: Call to undefined method ishop\Registry::setProperties() | Файл: D:\OpenServer\OSPanel\domains\ishop.loc\app\controllers\AppController.php | Строка: 20
=============================
[2019-05-30 14:16:15] Текст ошибки: Call to undefined method ishop\Registry::setProperties() | Файл: D:\OpenServer\OSPanel\domains\ishop.loc\app\controllers\AppController.php | Строка: 20
=============================
[2019-05-30 14:16:17] Текст ошибки: Call to undefined method ishop\Registry::setProperties() | Файл: D:\OpenServer\OSPanel\domains\ishop.loc\app\controllers\AppController.php | Строка: 20
=============================
[2019-05-30 14:17:03] Текст ошибки: Too few arguments to function ishop\Registry::setProperty(), 0 passed in D:\OpenServer\OSPanel\domains\ishop.loc\app\controllers\AppController.php on line 20 and exactly 2 expected | Файл: D:\OpenServer\OSPanel\domains\ishop.loc\vendor\ishop\core\Registry.php | Строка: 11
=============================
[2019-05-30 14:17:17] Текст ошибки: Страница не найдена | Файл: D:\OpenServer\OSPanel\domains\ishop.loc\vendor\ishop\core\Router.php | Строка: 52
=============================
[2019-05-30 14:28:19] Текст ошибки: Class 'app\controllers\urrency' not found | Файл: D:\OpenServer\OSPanel\domains\ishop.loc\app\controllers\AppController.php | Строка: 19
=============================
[2019-05-30 14:29:19] Текст ошибки: Class 'app\controllers\urrency' not found | Файл: D:\OpenServer\OSPanel\domains\ishop.loc\app\controllers\AppController.php | Строка: 19
=============================
[2019-05-30 14:29:52] Текст ошибки: Страница не найдена | Файл: D:\OpenServer\OSPanel\domains\ishop.loc\vendor\ishop\core\Router.php | Строка: 52
=============================
[2019-05-30 14:31:43] Текст ошибки: Страница не найдена | Файл: D:\OpenServer\OSPanel\domains\ishop.loc\vendor\ishop\core\Router.php | Строка: 52
=============================
[2019-05-30 14:32:29] Текст ошибки: Call to undefined function app\controllers\setcookies() | Файл: D:\OpenServer\OSPanel\domains\ishop.loc\app\controllers\AppController.php | Строка: 18
=============================
[2019-05-30 14:33:10] Текст ошибки: Страница не найдена | Файл: D:\OpenServer\OSPanel\domains\ishop.loc\vendor\ishop\core\Router.php | Строка: 52
=============================
[2019-05-30 14:33:10] Текст ошибки: Страница не найдена | Файл: D:\OpenServer\OSPanel\domains\ishop.loc\vendor\ishop\core\Router.php | Строка: 52
=============================
[2019-05-30 14:34:16] Текст ошибки: Страница не найдена | Файл: D:\OpenServer\OSPanel\domains\ishop.loc\vendor\ishop\core\Router.php | Строка: 52
=============================
[2019-05-30 14:34:16] Текст ошибки: Страница не найдена | Файл: D:\OpenServer\OSPanel\domains\ishop.loc\vendor\ishop\core\Router.php | Строка: 52
=============================
[2019-05-30 14:34:47] Текст ошибки: Страница не найдена | Файл: D:\OpenServer\OSPanel\domains\ishop.loc\vendor\ishop\core\Router.php | Строка: 52
=============================
[2019-05-30 14:34:47] Текст ошибки: Страница не найдена | Файл: D:\OpenServer\OSPanel\domains\ishop.loc\vendor\ishop\core\Router.php | Строка: 52
=============================
[2019-05-30 14:36:23] Текст ошибки: Страница не найдена | Файл: D:\OpenServer\OSPanel\domains\ishop.loc\vendor\ishop\core\Router.php | Строка: 52
=============================
[2019-05-30 14:36:23] Текст ошибки: Страница не найдена | Файл: D:\OpenServer\OSPanel\domains\ishop.loc\vendor\ishop\core\Router.php | Строка: 52
=============================
[2019-05-30 14:36:36] Текст ошибки: Страница не найдена | Файл: D:\OpenServer\OSPanel\domains\ishop.loc\vendor\ishop\core\Router.php | Строка: 52
=============================
[2019-05-30 14:36:36] Текст ошибки: Страница не найдена | Файл: D:\OpenServer\OSPanel\domains\ishop.loc\vendor\ishop\core\Router.php | Строка: 52
=============================
[2019-05-30 14:37:01] Текст ошибки: Страница не найдена | Файл: D:\OpenServer\OSPanel\domains\ishop.loc\vendor\ishop\core\Router.php | Строка: 52
=============================
[2019-05-30 14:37:01] Текст ошибки: Страница не найдена | Файл: D:\OpenServer\OSPanel\domains\ishop.loc\vendor\ishop\core\Router.php | Строка: 52
=============================
[2019-05-30 14:37:04] Текст ошибки: Страница не найдена | Файл: D:\OpenServer\OSPanel\domains\ishop.loc\vendor\ishop\core\Router.php | Строка: 52
=============================
[2019-05-30 14:37:04] Текст ошибки: Страница не найдена | Файл: D:\OpenServer\OSPanel\domains\ishop.loc\vendor\ishop\core\Router.php | Строка: 52
=============================
[2019-05-30 14:47:33] Текст ошибки: Using $this when not in object context | Файл: D:\OpenServer\OSPanel\domains\ishop.loc\app\widgets\currency\currency.php | Строка: 49
=============================
[2019-05-30 14:47:33] Текст ошибки: Страница не найдена | Файл: D:\OpenServer\OSPanel\domains\ishop.loc\vendor\ishop\core\Router.php | Строка: 52
=============================
[2019-05-30 14:47:36] Текст ошибки: Using $this when not in object context | Файл: D:\OpenServer\OSPanel\domains\ishop.loc\app\widgets\currency\currency.php | Строка: 49
=============================
[2019-05-30 14:47:36] Текст ошибки: Страница не найдена | Файл: D:\OpenServer\OSPanel\domains\ishop.loc\vendor\ishop\core\Router.php | Строка: 52
=============================
[2019-05-30 14:47:47] Текст ошибки: Using $this when not in object context | Файл: D:\OpenServer\OSPanel\domains\ishop.loc\app\widgets\currency\currency.php | Строка: 49
=============================
[2019-05-30 14:47:47] Текст ошибки: Страница не найдена | Файл: D:\OpenServer\OSPanel\domains\ishop.loc\vendor\ishop\core\Router.php | Строка: 52
=============================
[2019-05-30 14:48:28] Текст ошибки: Using $this when not in object context | Файл: D:\OpenServer\OSPanel\domains\ishop.loc\app\widgets\currency\currency.php | Строка: 49
=============================
[2019-05-30 14:48:28] Текст ошибки: Страница не найдена | Файл: D:\OpenServer\OSPanel\domains\ishop.loc\vendor\ishop\core\Router.php | Строка: 52
=============================
[2019-05-30 14:48:49] Текст ошибки: Using $this when not in object context | Файл: D:\OpenServer\OSPanel\domains\ishop.loc\app\widgets\currency\currency.php | Строка: 49
=============================
[2019-05-30 14:48:49] Текст ошибки: Страница не найдена | Файл: D:\OpenServer\OSPanel\domains\ishop.loc\vendor\ishop\core\Router.php | Строка: 52
=============================
[2019-05-30 14:49:09] Текст ошибки: Using $this when not in object context | Файл: D:\OpenServer\OSPanel\domains\ishop.loc\app\widgets\currency\currency.php | Строка: 49
=============================
[2019-05-30 14:49:09] Текст ошибки: Страница не найдена | Файл: D:\OpenServer\OSPanel\domains\ishop.loc\vendor\ishop\core\Router.php | Строка: 52
=============================
[2019-05-30 14:50:42] Текст ошибки: Using $this when not in object context | Файл: D:\OpenServer\OSPanel\domains\ishop.loc\app\widgets\currency\currency.php | Строка: 49
=============================
[2019-05-30 14:50:42] Текст ошибки: Страница не найдена | Файл: D:\OpenServer\OSPanel\domains\ishop.loc\vendor\ishop\core\Router.php | Строка: 52
=============================
[2019-05-30 14:51:03] Текст ошибки: Using $this when not in object context | Файл: D:\OpenServer\OSPanel\domains\ishop.loc\app\widgets\currency\currency.php | Строка: 49
=============================
[2019-05-30 14:53:45] Текст ошибки: Using $this when not in object context | Файл: D:\OpenServer\OSPanel\domains\ishop.loc\app\widgets\currency\currency.php | Строка: 49
=============================
[2019-05-30 14:53:48] Текст ошибки: Using $this when not in object context | Файл: D:\OpenServer\OSPanel\domains\ishop.loc\app\widgets\currency\currency.php | Строка: 49
=============================
[2019-05-30 14:54:03] Текст ошибки: Using $this when not in object context | Файл: D:\OpenServer\OSPanel\domains\ishop.loc\app\widgets\currency\currency.php | Строка: 49
=============================
[2019-05-30 14:54:34] Текст ошибки: Using $this when not in object context | Файл: D:\OpenServer\OSPanel\domains\ishop.loc\app\widgets\currency\currency.php | Строка: 49
=============================
[2019-05-30 14:55:18] Текст ошибки: Using $this when not in object context | Файл: D:\OpenServer\OSPanel\domains\ishop.loc\app\widgets\currency\currency.php | Строка: 49
=============================
[2019-05-30 14:56:13] Текст ошибки: Using $this when not in object context | Файл: D:\OpenServer\OSPanel\domains\ishop.loc\app\widgets\currency\currency.php | Строка: 49
=============================
[2019-05-30 14:56:29] Текст ошибки: Using $this when not in object context | Файл: D:\OpenServer\OSPanel\domains\ishop.loc\app\widgets\currency\currency.php | Строка: 49
=============================
[2019-05-30 14:56:36] Текст ошибки: Страница не найдена | Файл: D:\OpenServer\OSPanel\domains\ishop.loc\vendor\ishop\core\Router.php | Строка: 52
=============================
[2019-05-30 15:00:33] Текст ошибки: Using $this when not in object context | Файл: D:\OpenServer\OSPanel\domains\ishop.loc\app\widgets\currency\currency.php | Строка: 49
=============================
[2019-05-30 15:00:34] Текст ошибки: Страница не найдена | Файл: D:\OpenServer\OSPanel\domains\ishop.loc\vendor\ishop\core\Router.php | Строка: 52
=============================
[2019-05-30 15:02:16] Текст ошибки: Using $this when not in object context | Файл: D:\OpenServer\OSPanel\domains\ishop.loc\app\widgets\currency\currency.php | Строка: 49
=============================
[2019-05-30 15:02:16] Текст ошибки: Страница не найдена | Файл: D:\OpenServer\OSPanel\domains\ishop.loc\vendor\ishop\core\Router.php | Строка: 52
=============================
[2019-05-30 15:03:21] Текст ошибки: Using $this when not in object context | Файл: D:\OpenServer\OSPanel\domains\ishop.loc\app\widgets\currency\currency.php | Строка: 49
=============================
[2019-05-30 15:03:21] Текст ошибки: Страница не найдена | Файл: D:\OpenServer\OSPanel\domains\ishop.loc\vendor\ishop\core\Router.php | Строка: 52
=============================
[2019-05-30 15:04:51] Текст ошибки: Using $this when not in object context | Файл: D:\OpenServer\OSPanel\domains\ishop.loc\app\widgets\currency\currency.php | Строка: 49
=============================
[2019-05-30 15:04:51] Текст ошибки: Страница не найдена | Файл: D:\OpenServer\OSPanel\domains\ishop.loc\vendor\ishop\core\Router.php | Строка: 52
=============================
[2019-05-30 15:12:12] Текст ошибки: Using $this when not in object context | Файл: D:\OpenServer\OSPanel\domains\ishop.loc\app\widgets\currency\currency.php | Строка: 49
=============================
[2019-05-30 15:12:12] Текст ошибки: Страница не найдена | Файл: D:\OpenServer\OSPanel\domains\ishop.loc\vendor\ishop\core\Router.php | Строка: 52
=============================
[2019-05-30 15:12:35] Текст ошибки: Using $this when not in object context | Файл: D:\OpenServer\OSPanel\domains\ishop.loc\app\widgets\currency\currency.php | Строка: 49
=============================
[2019-05-30 15:12:35] Текст ошибки: Страница не найдена | Файл: D:\OpenServer\OSPanel\domains\ishop.loc\vendor\ishop\core\Router.php | Строка: 52
=============================
[2019-05-30 15:13:45] Текст ошибки: Страница не найдена | Файл: D:\OpenServer\OSPanel\domains\ishop.loc\vendor\ishop\core\Router.php | Строка: 52
=============================
[2019-05-30 15:13:46] Текст ошибки: Страница не найдена | Файл: D:\OpenServer\OSPanel\domains\ishop.loc\vendor\ishop\core\Router.php | Строка: 52
=============================
[2019-05-30 15:14:01] Текст ошибки: Using $this when not in object context | Файл: D:\OpenServer\OSPanel\domains\ishop.loc\app\widgets\currency\currency.php | Строка: 49
=============================
[2019-05-30 15:14:02] Текст ошибки: Страница не найдена | Файл: D:\OpenServer\OSPanel\domains\ishop.loc\vendor\ishop\core\Router.php | Строка: 52
=============================
[2019-05-30 15:15:09] Текст ошибки: Using $this when not in object context | Файл: D:\OpenServer\OSPanel\domains\ishop.loc\app\widgets\currency\currency.php | Строка: 49
=============================
[2019-05-30 15:15:09] Текст ошибки: Страница не найдена | Файл: D:\OpenServer\OSPanel\domains\ishop.loc\vendor\ishop\core\Router.php | Строка: 52
=============================
[2019-05-30 15:15:28] Текст ошибки: Using $this when not in object context | Файл: D:\OpenServer\OSPanel\domains\ishop.loc\app\widgets\currency\currency.php | Строка: 49
=============================
[2019-05-30 15:15:28] Текст ошибки: Страница не найдена | Файл: D:\OpenServer\OSPanel\domains\ishop.loc\vendor\ishop\core\Router.php | Строка: 52
=============================
[2019-05-30 15:17:12] Текст ошибки: Страница не найдена | Файл: D:\OpenServer\OSPanel\domains\ishop.loc\vendor\ishop\core\Router.php | Строка: 52
=============================
[2019-05-30 15:17:12] Текст ошибки: Страница не найдена | Файл: D:\OpenServer\OSPanel\domains\ishop.loc\vendor\ishop\core\Router.php | Строка: 52
=============================
[2019-05-30 15:31:23] Текст ошибки: Страница не найдена | Файл: D:\OpenServer\OSPanel\domains\ishop.loc\vendor\ishop\core\Router.php | Строка: 52
=============================
[2019-05-30 15:31:23] Текст ошибки: Страница не найдена | Файл: D:\OpenServer\OSPanel\domains\ishop.loc\vendor\ishop\core\Router.php | Строка: 52
=============================
[2019-05-30 15:42:39] Текст ошибки: Страница не найдена | Файл: D:\OpenServer\OSPanel\domains\ishop.loc\vendor\ishop\core\Router.php | Строка: 52
=============================
[2019-05-30 15:42:39] Текст ошибки: Страница не найдена | Файл: D:\OpenServer\OSPanel\domains\ishop.loc\vendor\ishop\core\Router.php | Строка: 52
=============================
[2019-05-30 15:42:42] Текст ошибки: Контроллер app\controllers\CurrncyController не найден | Файл: D:\OpenServer\OSPanel\domains\ishop.loc\vendor\ishop\core\Router.php | Строка: 49
=============================
[2019-05-30 15:42:42] Текст ошибки: Страница не найдена | Файл: D:\OpenServer\OSPanel\domains\ishop.loc\vendor\ishop\core\Router.php | Строка: 52
=============================
[2019-05-30 15:43:06] Текст ошибки: Контроллер app\controllers\CurrncyController не найден | Файл: D:\OpenServer\OSPanel\domains\ishop.loc\vendor\ishop\core\Router.php | Строка: 49
=============================
[2019-05-30 15:43:06] Текст ошибки: Страница не найдена | Файл: D:\OpenServer\OSPanel\domains\ishop.loc\vendor\ishop\core\Router.php | Строка: 52
=============================
[2019-05-30 15:43:10] Текст ошибки: Страница не найдена | Файл: D:\OpenServer\OSPanel\domains\ishop.loc\vendor\ishop\core\Router.php | Строка: 52
=============================
[2019-05-30 15:43:10] Текст ошибки: Страница не найдена | Файл: D:\OpenServer\OSPanel\domains\ishop.loc\vendor\ishop\core\Router.php | Строка: 52
=============================
[2019-05-30 15:43:12] Текст ошибки: Контроллер app\controllers\CurrncyController не найден | Файл: D:\OpenServer\OSPanel\domains\ishop.loc\vendor\ishop\core\Router.php | Строка: 49
=============================
[2019-05-30 15:43:12] Текст ошибки: Страница не найдена | Файл: D:\OpenServer\OSPanel\domains\ishop.loc\vendor\ishop\core\Router.php | Строка: 52
=============================
[2019-05-30 15:43:15] Текст ошибки: Страница не найдена | Файл: D:\OpenServer\OSPanel\domains\ishop.loc\vendor\ishop\core\Router.php | Строка: 52
=============================
[2019-05-30 15:43:15] Текст ошибки: Страница не найдена | Файл: D:\OpenServer\OSPanel\domains\ishop.loc\vendor\ishop\core\Router.php | Строка: 52
=============================
[2019-05-30 15:44:07] Текст ошибки: Страница не найдена | Файл: D:\OpenServer\OSPanel\domains\ishop.loc\vendor\ishop\core\Router.php | Строка: 52
=============================
[2019-05-30 15:44:07] Текст ошибки: Страница не найдена | Файл: D:\OpenServer\OSPanel\domains\ishop.loc\vendor\ishop\core\Router.php | Строка: 52
=============================
[2019-05-30 15:44:09] Текст ошибки: Контроллер app\controllers\CurrncyController не найден | Файл: D:\OpenServer\OSPanel\domains\ishop.loc\vendor\ishop\core\Router.php | Строка: 49
=============================
[2019-05-30 15:44:09] Текст ошибки: Страница не найдена | Файл: D:\OpenServer\OSPanel\domains\ishop.loc\vendor\ishop\core\Router.php | Строка: 52
=============================
[2019-05-30 15:44:13] Текст ошибки: Страница не найдена | Файл: D:\OpenServer\OSPanel\domains\ishop.loc\vendor\ishop\core\Router.php | Строка: 52
=============================
[2019-05-30 15:44:13] Текст ошибки: Страница не найдена | Файл: D:\OpenServer\OSPanel\domains\ishop.loc\vendor\ishop\core\Router.php | Строка: 52
=============================
[2019-05-30 15:44:58] Текст ошибки: Контроллер app\controllers\CurrncyController не найден | Файл: D:\OpenServer\OSPanel\domains\ishop.loc\vendor\ishop\core\Router.php | Строка: 49
=============================
[2019-05-30 15:44:58] Текст ошибки: Страница не найдена | Файл: D:\OpenServer\OSPanel\domains\ishop.loc\vendor\ishop\core\Router.php | Строка: 52
=============================
[2019-05-30 15:48:31] Текст ошибки: Страница не найдена | Файл: D:\OpenServer\OSPanel\domains\ishop.loc\vendor\ishop\core\Router.php | Строка: 52
=============================
[2019-05-30 15:48:31] Текст ошибки: Страница не найдена | Файл: D:\OpenServer\OSPanel\domains\ishop.loc\vendor\ishop\core\Router.php | Строка: 52
=============================
[2019-05-30 15:48:41] Текст ошибки: Контроллер app\controllers\CurrncyController не найден | Файл: D:\OpenServer\OSPanel\domains\ishop.loc\vendor\ishop\core\Router.php | Строка: 49
=============================
[2019-05-30 15:48:41] Текст ошибки: Страница не найдена | Файл: D:\OpenServer\OSPanel\domains\ishop.loc\vendor\ishop\core\Router.php | Строка: 52
=============================
[2019-05-30 15:49:19] Текст ошибки: Контроллер app\controllers\CurrncyController не найден | Файл: D:\OpenServer\OSPanel\domains\ishop.loc\vendor\ishop\core\Router.php | Строка: 49
=============================
[2019-05-30 15:49:19] Текст ошибки: Страница не найдена | Файл: D:\OpenServer\OSPanel\domains\ishop.loc\vendor\ishop\core\Router.php | Строка: 52
=============================
[2019-05-30 15:49:22] Текст ошибки: Контроллер app\controllers\CurrncyController не найден | Файл: D:\OpenServer\OSPanel\domains\ishop.loc\vendor\ishop\core\Router.php | Строка: 49
=============================
[2019-05-30 15:49:22] Текст ошибки: Страница не найдена | Файл: D:\OpenServer\OSPanel\domains\ishop.loc\vendor\ishop\core\Router.php | Строка: 52
=============================
[2019-05-30 15:49:24] Текст ошибки: Страница не найдена | Файл: D:\OpenServer\OSPanel\domains\ishop.loc\vendor\ishop\core\Router.php | Строка: 52
=============================
[2019-05-30 15:49:24] Текст ошибки: Страница не найдена | Файл: D:\OpenServer\OSPanel\domains\ishop.loc\vendor\ishop\core\Router.php | Строка: 52
=============================
[2019-05-30 15:49:42] Текст ошибки: Страница не найдена | Файл: D:\OpenServer\OSPanel\domains\ishop.loc\vendor\ishop\core\Router.php | Строка: 52
=============================
[2019-05-30 15:49:42] Текст ошибки: Страница не найдена | Файл: D:\OpenServer\OSPanel\domains\ishop.loc\vendor\ishop\core\Router.php | Строка: 52
=============================
[2019-05-30 15:52:36] Текст ошибки: Страница не найдена | Файл: D:\OpenServer\OSPanel\domains\ishop.loc\vendor\ishop\core\Router.php | Строка: 52
=============================
[2019-05-30 15:52:36] Текст ошибки: Страница не найдена | Файл: D:\OpenServer\OSPanel\domains\ishop.loc\vendor\ishop\core\Router.php | Строка: 52
=============================
[2019-05-30 15:52:39] Текст ошибки: Страница не найдена | Файл: D:\OpenServer\OSPanel\domains\ishop.loc\vendor\ishop\core\Router.php | Строка: 52
=============================
[2019-05-30 15:52:39] Текст ошибки: Страница не найдена | Файл: D:\OpenServer\OSPanel\domains\ishop.loc\vendor\ishop\core\Router.php | Строка: 52
=============================
[2019-05-30 15:54:23] Текст ошибки: Class 'R' not found | Файл: D:\OpenServer\OSPanel\domains\ishop.loc\app\controllers\CurrencyController.php | Строка: 11
=============================
[2019-05-30 15:54:28] Текст ошибки: Class 'R' not found | Файл: D:\OpenServer\OSPanel\domains\ishop.loc\app\controllers\CurrencyController.php | Строка: 11
=============================
[2019-05-30 15:54:38] Текст ошибки: Страница не найдена | Файл: D:\OpenServer\OSPanel\domains\ishop.loc\vendor\ishop\core\Router.php | Строка: 52
=============================
[2019-05-30 15:54:38] Текст ошибки: Страница не найдена | Файл: D:\OpenServer\OSPanel\domains\ishop.loc\vendor\ishop\core\Router.php | Строка: 52
=============================
[2019-05-30 15:54:42] Текст ошибки: Class 'R' not found | Файл: D:\OpenServer\OSPanel\domains\ishop.loc\app\controllers\CurrencyController.php | Строка: 11
=============================
[2019-05-30 15:56:31] Текст ошибки: Страница не найдена | Файл: D:\OpenServer\OSPanel\domains\ishop.loc\vendor\ishop\core\Router.php | Строка: 52
=============================
[2019-05-30 15:56:31] Текст ошибки: Страница не найдена | Файл: D:\OpenServer\OSPanel\domains\ishop.loc\vendor\ishop\core\Router.php | Строка: 52
=============================
[2019-05-30 15:56:36] Текст ошибки: Страница не найдена | Файл: D:\OpenServer\OSPanel\domains\ishop.loc\vendor\ishop\core\Router.php | Строка: 52
=============================
[2019-05-30 15:56:36] Текст ошибки: Страница не найдена | Файл: D:\OpenServer\OSPanel\domains\ishop.loc\vendor\ishop\core\Router.php | Строка: 52
=============================
[2019-05-30 15:56:44] Текст ошибки: Страница не найдена | Файл: D:\OpenServer\OSPanel\domains\ishop.loc\vendor\ishop\core\Router.php | Строка: 52
=============================
[2019-05-30 15:56:44] Текст ошибки: Страница не найдена | Файл: D:\OpenServer\OSPanel\domains\ishop.loc\vendor\ishop\core\Router.php | Строка: 52
=============================
[2019-05-30 15:56:49] Текст ошибки: Страница не найдена | Файл: D:\OpenServer\OSPanel\domains\ishop.loc\vendor\ishop\core\Router.php | Строка: 52
=============================
[2019-05-30 15:56:49] Текст ошибки: Страница не найдена | Файл: D:\OpenServer\OSPanel\domains\ishop.loc\vendor\ishop\core\Router.php | Строка: 52
=============================
[2019-05-30 15:58:57] Текст ошибки: Страница не найдена | Файл: D:\OpenServer\OSPanel\domains\ishop.loc\vendor\ishop\core\Router.php | Строка: 52
=============================
[2019-05-30 15:58:57] Текст ошибки: Страница не найдена | Файл: D:\OpenServer\OSPanel\domains\ishop.loc\vendor\ishop\core\Router.php | Строка: 52
=============================
[2019-05-30 15:59:04] Текст ошибки: Страница не найдена | Файл: D:\OpenServer\OSPanel\domains\ishop.loc\vendor\ishop\core\Router.php | Строка: 52
=============================
[2019-05-30 15:59:04] Текст ошибки: Страница не найдена | Файл: D:\OpenServer\OSPanel\domains\ishop.loc\vendor\ishop\core\Router.php | Строка: 52
=============================
[2019-05-30 15:59:11] Текст ошибки: Страница не найдена | Файл: D:\OpenServer\OSPanel\domains\ishop.loc\vendor\ishop\core\Router.php | Строка: 52
=============================
[2019-05-30 15:59:11] Текст ошибки: Страница не найдена | Файл: D:\OpenServer\OSPanel\domains\ishop.loc\vendor\ishop\core\Router.php | Строка: 52
=============================
